<?xml version="1.0" encoding="UTF-8"?>
<!-- Generated by org.testng.reporters.JUnitReportReporter -->
<testsuite hostname="DESKTOP-J4304T7" failures="0" tests="1" name="basic_of_testNG.Nov1_register" time="5.370" errors="0" timestamp="2023-11-01T11:38:12 IST" skipped="0">
  <testcase classname="basic_of_testNG.Nov1_register" name="Register" time="5.370"/>
</testsuite> <!-- basic_of_testNG.Nov1_register -->
