<?xml version="1.0" encoding="UTF-8"?>
<!-- Generated by org.testng.reporters.JUnitReportReporter -->
<testsuite hostname="DESKTOP-J4304T7" failures="0" tests="5" name="basic_of_testNG.Oct31" time="27.224" errors="0" timestamp="2023-11-01T11:38:12 IST" skipped="1">
  <testcase classname="basic_of_testNG.Oct31" name="Register" time="4.780"/>
  <testcase classname="basic_of_testNG.Oct31" name="Register" time="5.884"/>
  <testcase classname="basic_of_testNG.Oct31" name="Login" time="6.145"/>
  <testcase classname="basic_of_testNG.Oct31" name="addToCart" time="10.415"/>
  <testcase classname="basic_of_testNG.Oct31" name="Logout">
    <skipped/>
  </testcase> <!-- Logout -->
</testsuite> <!-- basic_of_testNG.Oct31 -->
