<?xml version="1.0" encoding="UTF-8"?>
<!-- Generated by org.testng.reporters.JUnitReportReporter -->
<testsuite hostname="DESKTOP-J4304T7" failures="0" tests="2" name="basic_of_testNG.Nov1_logout" time="7.358" errors="0" timestamp="2023-11-01T11:57:15 IST" skipped="0">
  <testcase classname="basic_of_testNG.Nov1_logout" name="Login" time="6.162"/>
  <testcase classname="basic_of_testNG.Nov1_logout" name="Logout" time="1.196"/>
</testsuite> <!-- basic_of_testNG.Nov1_logout -->
